   11   37   48   11   31   42   1   23   36
   0.0062500   0.0062500   0.0062500   0.0062500   0.0062500   0.0062500   0.0062500   0.0062500   0.0062500   0.0062500
   0.0062500
   0.0218848   0.0218848   0.0218848   0.0258686   0.0305775   0.0361437   0.0427230   0.0490328   0.0500000
   0.0500000   0.0500000   0.0500000   0.0500000   0.0500000   0.0500000   0.0500000   0.0500000   0.0500000   0.0490328
   0.0427230   0.0361437   0.0305775   0.0258686   0.0218848   0.0218848   0.0218848
   0.0062500   0.0062500   0.0062500   0.0062500   0.0062500   0.0062500   0.0062500   0.0062500   0.0062500   0.0062500
   0.0062500
   0.0062500   0.0062500   0.0062500   0.0062500   0.0062500   0.0062500   0.0062500   0.0062500   0.0062500   0.0062500
   0.0062500
   0.0209443   0.0209443   0.0209443   0.0242131   0.0279920   0.0323607   0.0374113   0.0432500   0.0500000
   0.0552733   0.0552733   0.0500000   0.0432500   0.0374113   0.0323607   0.0279920   0.0242131   0.0209443   0.0209443
   0.0209443
   0.0062500   0.0062500   0.0062500   0.0062500   0.0062500   0.0062500   0.0062500   0.0062500   0.0062500   0.0062500
   0.0062500
   0.0200876   0.0200876   0.0200876   0.0200876   0.0233849   0.0272234   0.0316920   0.0368941   0.0429500   0.0500000
   0.0500000   0.0525928   0.0525928   0.0500000   0.0500000   0.0429500   0.0368941   0.0316920   0.0272234   0.0233849
   0.0200876   0.0200876   0.0200876
   0.0046296   0.0046296   0.0046296   0.0046296   0.0046296   0.0046296   0.0046296   0.0046296   0.0046296   0.0046296
   0.0046296   0.0046296   0.0046296

